2025-06-25 14:36:53.688+0000 INFO  Logging config in use: Embedded default config 'default-user-logs.xml'
2025-06-25 14:36:53.694+0000 INFO  Starting...
2025-06-25 14:36:54.664+0000 INFO  This instance is ServerId{b11606b1} (b11606b1-a1db-43a4-ae4a-a1c5028c7c8b)
2025-06-25 14:36:56.063+0000 INFO  ======== Neo4j 2025.05.1 ========
2025-06-25 14:36:58.885+0000 INFO  Anonymous Usage Data is being sent to Neo4j, see https://neo4j.com/docs/usage-data/
2025-06-25 14:37:00.049+0000 INFO  Bolt enabled on 0.0.0.0:7687.
2025-06-25 14:37:01.033+0000 INFO  HTTP enabled on 0.0.0.0:7474.
2025-06-25 14:37:01.034+0000 INFO  Remote interface available at http://localhost:7474/
2025-06-25 14:37:01.038+0000 INFO  id: C96098D9C5E72DC62587446787A7014AFA72FB0181F2FEAD59C660763B0B7E41
2025-06-25 14:37:01.039+0000 INFO  name: system
2025-06-25 14:37:01.039+0000 INFO  creationDate: 2025-06-25T14:36:57.353Z
2025-06-25 14:37:01.039+0000 INFO  Started.
2025-06-25 14:37:30.600+0000 INFO  Neo4j Server shutdown initiated by request
2025-06-25 14:37:30.600+0000 INFO  Stopping...
2025-06-25 14:42:06.196+0000 INFO  Logging config in use: Embedded default config 'default-user-logs.xml'
2025-06-25 14:42:06.206+0000 INFO  Starting...
2025-06-25 14:42:07.198+0000 INFO  This instance is ServerId{b11606b1} (b11606b1-a1db-43a4-ae4a-a1c5028c7c8b)
2025-06-25 14:42:08.687+0000 INFO  ======== Neo4j 2025.05.1 ========
2025-06-25 14:42:11.397+0000 INFO  Anonymous Usage Data is being sent to Neo4j, see https://neo4j.com/docs/usage-data/
2025-06-25 14:42:11.731+0000 INFO  Bolt enabled on 0.0.0.0:7687.
2025-06-25 14:42:12.615+0000 INFO  HTTP enabled on 0.0.0.0:7474.
2025-06-25 14:42:12.616+0000 INFO  Remote interface available at http://localhost:7474/
2025-06-25 14:42:12.621+0000 INFO  id: C96098D9C5E72DC62587446787A7014AFA72FB0181F2FEAD59C660763B0B7E41
2025-06-25 14:42:12.621+0000 INFO  name: system
2025-06-25 14:42:12.622+0000 INFO  creationDate: 2025-06-25T14:36:57.353Z
2025-06-25 14:42:12.622+0000 INFO  Started.
2025-06-25 14:42:27.387+0000 INFO  Neo4j Server shutdown initiated by request
2025-06-25 14:42:27.387+0000 INFO  Stopping...
2025-06-25 14:45:19.700+0000 INFO  Logging config in use: Embedded default config 'default-user-logs.xml'
2025-06-25 14:45:19.708+0000 INFO  Starting...
2025-06-25 14:45:20.622+0000 INFO  This instance is ServerId{b11606b1} (b11606b1-a1db-43a4-ae4a-a1c5028c7c8b)
2025-06-25 14:45:22.006+0000 INFO  ======== Neo4j 2025.05.1 ========
2025-06-25 14:45:24.587+0000 INFO  Anonymous Usage Data is being sent to Neo4j, see https://neo4j.com/docs/usage-data/
2025-06-25 14:45:24.906+0000 INFO  Bolt enabled on 0.0.0.0:7687.
2025-06-25 14:45:25.948+0000 INFO  HTTP enabled on 0.0.0.0:7474.
2025-06-25 14:45:25.951+0000 INFO  Remote interface available at http://localhost:7474/
2025-06-25 14:45:25.958+0000 INFO  id: C96098D9C5E72DC62587446787A7014AFA72FB0181F2FEAD59C660763B0B7E41
2025-06-25 14:45:25.959+0000 INFO  name: system
2025-06-25 14:45:25.961+0000 INFO  creationDate: 2025-06-25T14:36:57.353Z
2025-06-25 14:45:25.965+0000 INFO  Started.
2025-06-25 14:46:42.743+0000 INFO  Neo4j Server shutdown initiated by request
2025-06-25 14:46:42.744+0000 INFO  Stopping...
2025-06-25 17:04:19.894+0000 INFO  Logging config in use: Embedded default config 'default-user-logs.xml'
2025-06-25 17:04:19.901+0000 INFO  Starting...
2025-06-25 17:04:20.879+0000 INFO  This instance is ServerId{b11606b1} (b11606b1-a1db-43a4-ae4a-a1c5028c7c8b)
2025-06-25 17:04:22.623+0000 INFO  ======== Neo4j 2025.05.1 ========
2025-06-25 17:04:25.587+0000 INFO  Anonymous Usage Data is being sent to Neo4j, see https://neo4j.com/docs/usage-data/
2025-06-25 17:04:25.974+0000 INFO  Bolt enabled on 0.0.0.0:7687.
2025-06-25 17:04:26.938+0000 INFO  HTTP enabled on 0.0.0.0:7474.
2025-06-25 17:04:26.940+0000 INFO  Remote interface available at http://localhost:7474/
2025-06-25 17:04:26.945+0000 INFO  id: C96098D9C5E72DC62587446787A7014AFA72FB0181F2FEAD59C660763B0B7E41
2025-06-25 17:04:26.945+0000 INFO  name: system
2025-06-25 17:04:26.945+0000 INFO  creationDate: 2025-06-25T14:36:57.353Z
2025-06-25 17:04:26.946+0000 INFO  Started.
2025-06-25 21:32:42.181+0000 INFO  Neo4j Server shutdown initiated by request
2025-06-25 21:32:42.186+0000 INFO  Stopping...
2025-06-25 21:34:05.500+0000 INFO  Logging config in use: Embedded default config 'default-user-logs.xml'
2025-06-25 21:34:05.509+0000 INFO  Starting...
2025-06-25 21:34:06.493+0000 INFO  This instance is ServerId{b11606b1} (b11606b1-a1db-43a4-ae4a-a1c5028c7c8b)
2025-06-25 21:34:07.719+0000 INFO  ======== Neo4j 2025.05.1 ========
2025-06-25 21:34:10.330+0000 INFO  Anonymous Usage Data is being sent to Neo4j, see https://neo4j.com/docs/usage-data/
2025-06-25 21:34:10.642+0000 INFO  Bolt enabled on 0.0.0.0:7687.
2025-06-25 21:34:11.507+0000 INFO  HTTP enabled on 0.0.0.0:7474.
2025-06-25 21:34:11.507+0000 INFO  Remote interface available at http://localhost:7474/
2025-06-25 21:34:11.512+0000 INFO  id: C96098D9C5E72DC62587446787A7014AFA72FB0181F2FEAD59C660763B0B7E41
2025-06-25 21:34:11.513+0000 INFO  name: system
2025-06-25 21:34:11.513+0000 INFO  creationDate: 2025-06-25T14:36:57.353Z
2025-06-25 21:34:11.513+0000 INFO  Started.
2025-06-25 21:35:20.511+0000 INFO  Neo4j Server shutdown initiated by request
2025-06-25 21:35:20.511+0000 INFO  Stopping...
2025-06-25 21:35:46.199+0000 INFO  Logging config in use: Embedded default config 'default-user-logs.xml'
2025-06-25 21:35:46.206+0000 INFO  Starting...
2025-06-25 21:35:47.076+0000 INFO  This instance is ServerId{b11606b1} (b11606b1-a1db-43a4-ae4a-a1c5028c7c8b)
2025-06-25 21:35:48.298+0000 INFO  ======== Neo4j 2025.05.1 ========
2025-06-25 21:35:51.107+0000 INFO  Anonymous Usage Data is being sent to Neo4j, see https://neo4j.com/docs/usage-data/
2025-06-25 21:35:51.423+0000 INFO  Bolt enabled on 0.0.0.0:7687.
2025-06-25 21:35:52.314+0000 INFO  HTTP enabled on 0.0.0.0:7474.
2025-06-25 21:35:52.315+0000 INFO  Remote interface available at http://localhost:7474/
2025-06-25 21:35:52.321+0000 INFO  id: C96098D9C5E72DC62587446787A7014AFA72FB0181F2FEAD59C660763B0B7E41
2025-06-25 21:35:52.322+0000 INFO  name: system
2025-06-25 21:35:52.323+0000 INFO  creationDate: 2025-06-25T14:36:57.353Z
2025-06-25 21:35:52.324+0000 INFO  Started.
2025-06-25 21:42:28.003+0000 INFO  Neo4j Server shutdown initiated by request
2025-06-25 21:42:28.004+0000 INFO  Stopping...
2025-06-25 21:43:30.538+0000 INFO  Logging config in use: Embedded default config 'default-user-logs.xml'
2025-06-25 21:43:30.546+0000 INFO  Starting...
2025-06-25 21:43:31.404+0000 INFO  This instance is ServerId{b11606b1} (b11606b1-a1db-43a4-ae4a-a1c5028c7c8b)
2025-06-25 21:43:32.630+0000 INFO  ======== Neo4j 2025.05.1 ========
2025-06-25 21:43:35.100+0000 INFO  Anonymous Usage Data is being sent to Neo4j, see https://neo4j.com/docs/usage-data/
2025-06-25 21:43:35.426+0000 INFO  Bolt enabled on 0.0.0.0:7687.
2025-06-25 21:43:36.319+0000 INFO  HTTP enabled on 0.0.0.0:7474.
2025-06-25 21:43:36.320+0000 INFO  Remote interface available at http://localhost:7474/
2025-06-25 21:43:36.325+0000 INFO  id: C96098D9C5E72DC62587446787A7014AFA72FB0181F2FEAD59C660763B0B7E41
2025-06-25 21:43:36.326+0000 INFO  name: system
2025-06-25 21:43:36.327+0000 INFO  creationDate: 2025-06-25T14:36:57.353Z
2025-06-25 21:43:36.327+0000 INFO  Started.
2025-06-25 21:46:52.144+0000 INFO  Neo4j Server shutdown initiated by request
2025-06-25 21:46:52.145+0000 INFO  Stopping...
2025-06-25 21:50:21.575+0000 INFO  Logging config in use: Embedded default config 'default-user-logs.xml'
2025-06-25 21:50:21.583+0000 INFO  Starting...
2025-06-25 21:50:22.450+0000 INFO  This instance is ServerId{b11606b1} (b11606b1-a1db-43a4-ae4a-a1c5028c7c8b)
2025-06-25 21:50:23.827+0000 INFO  ======== Neo4j 2025.05.1 ========
2025-06-25 21:50:26.338+0000 INFO  Anonymous Usage Data is being sent to Neo4j, see https://neo4j.com/docs/usage-data/
2025-06-25 21:50:26.715+0000 INFO  Bolt enabled on 0.0.0.0:7687.
2025-06-25 21:50:27.649+0000 INFO  HTTP enabled on 0.0.0.0:7474.
2025-06-25 21:50:27.650+0000 INFO  Remote interface available at http://localhost:7474/
2025-06-25 21:50:27.656+0000 INFO  id: C96098D9C5E72DC62587446787A7014AFA72FB0181F2FEAD59C660763B0B7E41
2025-06-25 21:50:27.657+0000 INFO  name: system
2025-06-25 21:50:27.657+0000 INFO  creationDate: 2025-06-25T14:36:57.353Z
2025-06-25 21:50:27.658+0000 INFO  Started.
2025-06-25 21:51:10.989+0000 INFO  Neo4j Server shutdown initiated by request
2025-06-25 21:51:10.991+0000 INFO  Stopping...
2025-06-25 21:54:10.058+0000 INFO  Logging config in use: Embedded default config 'default-user-logs.xml'
2025-06-25 21:54:10.068+0000 INFO  Starting...
2025-06-25 21:54:11.058+0000 INFO  This instance is ServerId{b11606b1} (b11606b1-a1db-43a4-ae4a-a1c5028c7c8b)
2025-06-25 21:54:12.378+0000 INFO  ======== Neo4j 2025.05.1 ========
2025-06-25 21:54:15.068+0000 INFO  Anonymous Usage Data is being sent to Neo4j, see https://neo4j.com/docs/usage-data/
2025-06-25 21:54:15.437+0000 INFO  Bolt enabled on 0.0.0.0:7687.
2025-06-25 21:54:16.396+0000 INFO  HTTP enabled on 0.0.0.0:7474.
2025-06-25 21:54:16.397+0000 INFO  Remote interface available at http://localhost:7474/
2025-06-25 21:54:16.403+0000 INFO  id: C96098D9C5E72DC62587446787A7014AFA72FB0181F2FEAD59C660763B0B7E41
2025-06-25 21:54:16.404+0000 INFO  name: system
2025-06-25 21:54:16.405+0000 INFO  creationDate: 2025-06-25T14:36:57.353Z
2025-06-25 21:54:16.406+0000 INFO  Started.
2025-06-25 22:05:58.344+0000 INFO  Neo4j Server shutdown initiated by request
2025-06-25 22:05:58.346+0000 INFO  Stopping...
2025-06-25 22:07:19.444+0000 INFO  Logging config in use: Embedded default config 'default-user-logs.xml'
2025-06-25 22:07:19.453+0000 INFO  Starting...
2025-06-25 22:07:20.376+0000 INFO  This instance is ServerId{b11606b1} (b11606b1-a1db-43a4-ae4a-a1c5028c7c8b)
2025-06-25 22:07:21.706+0000 INFO  ======== Neo4j 2025.05.1 ========
2025-06-25 22:07:24.293+0000 INFO  Anonymous Usage Data is being sent to Neo4j, see https://neo4j.com/docs/usage-data/
2025-06-25 22:07:24.661+0000 INFO  Bolt enabled on 0.0.0.0:7687.
2025-06-25 22:07:25.660+0000 INFO  HTTP enabled on 0.0.0.0:7474.
2025-06-25 22:07:25.661+0000 INFO  Remote interface available at http://localhost:7474/
2025-06-25 22:07:25.666+0000 INFO  id: C96098D9C5E72DC62587446787A7014AFA72FB0181F2FEAD59C660763B0B7E41
2025-06-25 22:07:25.667+0000 INFO  name: system
2025-06-25 22:07:25.668+0000 INFO  creationDate: 2025-06-25T14:36:57.353Z
2025-06-25 22:07:25.669+0000 INFO  Started.
2025-06-25 22:10:42.942+0000 INFO  Neo4j Server shutdown initiated by request
2025-06-25 22:10:42.943+0000 INFO  Stopping...
2025-06-25 22:12:03.560+0000 INFO  Logging config in use: Embedded default config 'default-user-logs.xml'
2025-06-25 22:12:03.568+0000 INFO  Starting...
2025-06-25 22:12:04.402+0000 INFO  This instance is ServerId{b11606b1} (b11606b1-a1db-43a4-ae4a-a1c5028c7c8b)
2025-06-25 22:12:05.649+0000 INFO  ======== Neo4j 2025.05.1 ========
2025-06-25 22:12:08.097+0000 INFO  Anonymous Usage Data is being sent to Neo4j, see https://neo4j.com/docs/usage-data/
2025-06-25 22:12:08.453+0000 INFO  Bolt enabled on 0.0.0.0:7687.
2025-06-25 22:12:09.366+0000 INFO  HTTP enabled on 0.0.0.0:7474.
2025-06-25 22:12:09.368+0000 INFO  Remote interface available at http://localhost:7474/
2025-06-25 22:12:09.374+0000 INFO  id: C96098D9C5E72DC62587446787A7014AFA72FB0181F2FEAD59C660763B0B7E41
2025-06-25 22:12:09.375+0000 INFO  name: system
2025-06-25 22:12:09.376+0000 INFO  creationDate: 2025-06-25T14:36:57.353Z
2025-06-25 22:12:09.376+0000 INFO  Started.
2025-06-25 22:12:32.274+0000 INFO  Neo4j Server shutdown initiated by request
2025-06-25 22:12:32.274+0000 INFO  Stopping...
2025-06-25 22:23:34.289+0000 INFO  Logging config in use: Embedded default config 'default-user-logs.xml'
2025-06-25 22:23:34.299+0000 INFO  Starting...
2025-06-25 22:23:35.161+0000 INFO  This instance is ServerId{b11606b1} (b11606b1-a1db-43a4-ae4a-a1c5028c7c8b)
2025-06-25 22:23:36.376+0000 INFO  ======== Neo4j 2025.05.1 ========
2025-06-25 22:23:38.791+0000 INFO  Anonymous Usage Data is being sent to Neo4j, see https://neo4j.com/docs/usage-data/
2025-06-25 22:23:39.123+0000 INFO  Bolt enabled on 0.0.0.0:7687.
2025-06-25 22:23:40.030+0000 INFO  HTTP enabled on 0.0.0.0:7474.
2025-06-25 22:23:40.031+0000 INFO  Remote interface available at http://localhost:7474/
2025-06-25 22:23:40.037+0000 INFO  id: C96098D9C5E72DC62587446787A7014AFA72FB0181F2FEAD59C660763B0B7E41
2025-06-25 22:23:40.038+0000 INFO  name: system
2025-06-25 22:23:40.039+0000 INFO  creationDate: 2025-06-25T14:36:57.353Z
2025-06-25 22:23:40.039+0000 INFO  Started.
2025-06-25 22:27:38.677+0000 INFO  Neo4j Server shutdown initiated by request
2025-06-25 22:27:38.677+0000 INFO  Stopping...
2025-06-25 22:28:52.582+0000 INFO  Logging config in use: Embedded default config 'default-user-logs.xml'
2025-06-25 22:28:52.590+0000 INFO  Starting...
2025-06-25 22:28:53.443+0000 INFO  This instance is ServerId{b11606b1} (b11606b1-a1db-43a4-ae4a-a1c5028c7c8b)
2025-06-25 22:28:54.665+0000 INFO  ======== Neo4j 2025.05.1 ========
2025-06-25 22:28:57.063+0000 INFO  Anonymous Usage Data is being sent to Neo4j, see https://neo4j.com/docs/usage-data/
2025-06-25 22:28:57.392+0000 INFO  Bolt enabled on 0.0.0.0:7687.
2025-06-25 22:28:58.246+0000 INFO  HTTP enabled on 0.0.0.0:7474.
2025-06-25 22:28:58.247+0000 INFO  Remote interface available at http://localhost:7474/
2025-06-25 22:28:58.252+0000 INFO  id: C96098D9C5E72DC62587446787A7014AFA72FB0181F2FEAD59C660763B0B7E41
2025-06-25 22:28:58.253+0000 INFO  name: system
2025-06-25 22:28:58.254+0000 INFO  creationDate: 2025-06-25T14:36:57.353Z
2025-06-25 22:28:58.254+0000 INFO  Started.
2025-06-25 22:29:38.705+0000 INFO  Neo4j Server shutdown initiated by request
2025-06-25 22:29:38.706+0000 INFO  Stopping...
2025-06-25 22:34:29.701+0000 INFO  Logging config in use: Embedded default config 'default-user-logs.xml'
2025-06-25 22:34:29.710+0000 INFO  Starting...
2025-06-25 22:34:30.566+0000 INFO  This instance is ServerId{b11606b1} (b11606b1-a1db-43a4-ae4a-a1c5028c7c8b)
2025-06-25 22:34:31.735+0000 INFO  ======== Neo4j 2025.05.1 ========
2025-06-25 22:34:34.201+0000 INFO  Anonymous Usage Data is being sent to Neo4j, see https://neo4j.com/docs/usage-data/
2025-06-25 22:34:34.544+0000 INFO  Bolt enabled on 0.0.0.0:7687.
2025-06-25 22:34:35.424+0000 INFO  HTTP enabled on 0.0.0.0:7474.
2025-06-25 22:34:35.425+0000 INFO  Remote interface available at http://localhost:7474/
2025-06-25 22:34:35.430+0000 INFO  id: C96098D9C5E72DC62587446787A7014AFA72FB0181F2FEAD59C660763B0B7E41
2025-06-25 22:34:35.430+0000 INFO  name: system
2025-06-25 22:34:35.431+0000 INFO  creationDate: 2025-06-25T14:36:57.353Z
2025-06-25 22:34:35.431+0000 INFO  Started.
2025-06-25 22:35:27.937+0000 INFO  Neo4j Server shutdown initiated by request
2025-06-25 22:35:27.937+0000 INFO  Stopping...
2025-06-25 22:36:57.416+0000 INFO  Logging config in use: Embedded default config 'default-user-logs.xml'
2025-06-25 22:36:57.425+0000 INFO  Starting...
2025-06-25 22:36:58.351+0000 INFO  This instance is ServerId{b11606b1} (b11606b1-a1db-43a4-ae4a-a1c5028c7c8b)
2025-06-25 22:36:59.520+0000 INFO  ======== Neo4j 2025.05.1 ========
2025-06-25 22:37:01.952+0000 INFO  Anonymous Usage Data is being sent to Neo4j, see https://neo4j.com/docs/usage-data/
2025-06-25 22:37:02.392+0000 INFO  Bolt enabled on 0.0.0.0:7687.
2025-06-25 22:37:03.255+0000 INFO  HTTP enabled on 0.0.0.0:7474.
2025-06-25 22:37:03.256+0000 INFO  Remote interface available at http://localhost:7474/
2025-06-25 22:37:03.261+0000 INFO  id: C96098D9C5E72DC62587446787A7014AFA72FB0181F2FEAD59C660763B0B7E41
2025-06-25 22:37:03.262+0000 INFO  name: system
2025-06-25 22:37:03.263+0000 INFO  creationDate: 2025-06-25T14:36:57.353Z
2025-06-25 22:37:03.265+0000 INFO  Started.
2025-06-25 22:38:21.301+0000 INFO  Neo4j Server shutdown initiated by request
2025-06-25 22:38:21.302+0000 INFO  Stopping...
2025-06-25 22:39:47.311+0000 INFO  Logging config in use: Embedded default config 'default-user-logs.xml'
2025-06-25 22:39:47.317+0000 INFO  Starting...
2025-06-25 22:39:48.164+0000 INFO  This instance is ServerId{b11606b1} (b11606b1-a1db-43a4-ae4a-a1c5028c7c8b)
2025-06-25 22:39:49.372+0000 INFO  ======== Neo4j 2025.05.1 ========
2025-06-25 22:39:51.723+0000 INFO  Anonymous Usage Data is being sent to Neo4j, see https://neo4j.com/docs/usage-data/
2025-06-25 22:39:52.102+0000 INFO  Bolt enabled on 0.0.0.0:7687.
2025-06-25 22:39:52.935+0000 INFO  HTTP enabled on 0.0.0.0:7474.
2025-06-25 22:39:52.936+0000 INFO  Remote interface available at http://localhost:7474/
2025-06-25 22:39:52.943+0000 INFO  id: C96098D9C5E72DC62587446787A7014AFA72FB0181F2FEAD59C660763B0B7E41
2025-06-25 22:39:52.943+0000 INFO  name: system
2025-06-25 22:39:52.944+0000 INFO  creationDate: 2025-06-25T14:36:57.353Z
2025-06-25 22:39:52.944+0000 INFO  Started.
2025-06-25 22:41:34.366+0000 INFO  Neo4j Server shutdown initiated by request
2025-06-25 22:41:34.366+0000 INFO  Stopping...
2025-06-25 22:51:59.557+0000 INFO  Logging config in use: Embedded default config 'default-user-logs.xml'
2025-06-25 22:51:59.567+0000 INFO  Starting...
2025-06-25 22:52:00.517+0000 INFO  This instance is ServerId{b11606b1} (b11606b1-a1db-43a4-ae4a-a1c5028c7c8b)
2025-06-25 22:52:02.153+0000 INFO  ======== Neo4j 2025.05.1 ========
2025-06-25 22:52:04.770+0000 INFO  Anonymous Usage Data is being sent to Neo4j, see https://neo4j.com/docs/usage-data/
2025-06-25 22:52:05.125+0000 INFO  Bolt enabled on 0.0.0.0:7687.
2025-06-25 22:52:06.113+0000 INFO  HTTP enabled on 0.0.0.0:7474.
2025-06-25 22:52:06.114+0000 INFO  Remote interface available at http://localhost:7474/
2025-06-25 22:52:06.119+0000 INFO  id: C96098D9C5E72DC62587446787A7014AFA72FB0181F2FEAD59C660763B0B7E41
2025-06-25 22:52:06.120+0000 INFO  name: system
2025-06-25 22:52:06.120+0000 INFO  creationDate: 2025-06-25T14:36:57.353Z
2025-06-25 22:52:06.120+0000 INFO  Started.
2025-06-25 22:53:14.314+0000 INFO  Neo4j Server shutdown initiated by request
2025-06-25 22:53:14.314+0000 INFO  Stopping...
2025-06-25 22:54:46.860+0000 INFO  Logging config in use: Embedded default config 'default-user-logs.xml'
2025-06-25 22:54:46.869+0000 INFO  Starting...
2025-06-25 22:54:47.782+0000 INFO  This instance is ServerId{b11606b1} (b11606b1-a1db-43a4-ae4a-a1c5028c7c8b)
2025-06-25 22:54:49.237+0000 INFO  ======== Neo4j 2025.05.1 ========
2025-06-25 22:54:52.040+0000 INFO  Anonymous Usage Data is being sent to Neo4j, see https://neo4j.com/docs/usage-data/
2025-06-25 22:54:52.390+0000 INFO  Bolt enabled on 0.0.0.0:7687.
2025-06-25 22:54:53.364+0000 INFO  HTTP enabled on 0.0.0.0:7474.
2025-06-25 22:54:53.365+0000 INFO  Remote interface available at http://localhost:7474/
2025-06-25 22:54:53.371+0000 INFO  id: C96098D9C5E72DC62587446787A7014AFA72FB0181F2FEAD59C660763B0B7E41
2025-06-25 22:54:53.372+0000 INFO  name: system
2025-06-25 22:54:53.373+0000 INFO  creationDate: 2025-06-25T14:36:57.353Z
2025-06-25 22:54:53.373+0000 INFO  Started.
2025-06-26 12:38:17.324+0000 INFO  Neo4j Server shutdown initiated by request
2025-06-26 12:38:17.325+0000 INFO  Stopping...
2025-06-26 12:46:46.191+0000 INFO  Logging config in use: Embedded default config 'default-user-logs.xml'
2025-06-26 12:46:46.201+0000 INFO  Starting...
2025-06-26 12:46:47.221+0000 INFO  This instance is ServerId{b11606b1} (b11606b1-a1db-43a4-ae4a-a1c5028c7c8b)
2025-06-26 12:46:48.809+0000 INFO  ======== Neo4j 2025.05.1 ========
2025-06-26 12:46:51.619+0000 INFO  Anonymous Usage Data is being sent to Neo4j, see https://neo4j.com/docs/usage-data/
2025-06-26 12:46:51.978+0000 INFO  Bolt enabled on 0.0.0.0:7687.
2025-06-26 12:46:53.099+0000 INFO  HTTP enabled on 0.0.0.0:7474.
2025-06-26 12:46:53.101+0000 INFO  Remote interface available at http://localhost:7474/
2025-06-26 12:46:53.108+0000 INFO  id: C96098D9C5E72DC62587446787A7014AFA72FB0181F2FEAD59C660763B0B7E41
2025-06-26 12:46:53.110+0000 INFO  name: system
2025-06-26 12:46:53.111+0000 INFO  creationDate: 2025-06-25T14:36:57.353Z
2025-06-26 12:46:53.111+0000 INFO  Started.
2025-06-26 12:55:20.653+0000 INFO  Neo4j Server shutdown initiated by request
2025-06-26 12:55:20.654+0000 INFO  Stopping...
2025-06-26 12:57:37.742+0000 INFO  Logging config in use: Embedded default config 'default-user-logs.xml'
2025-06-26 12:57:37.753+0000 INFO  Starting...
2025-06-26 12:57:38.697+0000 INFO  This instance is ServerId{b11606b1} (b11606b1-a1db-43a4-ae4a-a1c5028c7c8b)
2025-06-26 12:57:40.112+0000 INFO  ======== Neo4j 2025.05.1 ========
2025-06-26 12:57:42.779+0000 INFO  Anonymous Usage Data is being sent to Neo4j, see https://neo4j.com/docs/usage-data/
2025-06-26 12:57:43.129+0000 INFO  Bolt enabled on 0.0.0.0:7687.
2025-06-26 12:57:44.144+0000 INFO  HTTP enabled on 0.0.0.0:7474.
2025-06-26 12:57:44.145+0000 INFO  Remote interface available at http://localhost:7474/
2025-06-26 12:57:44.150+0000 INFO  id: C96098D9C5E72DC62587446787A7014AFA72FB0181F2FEAD59C660763B0B7E41
2025-06-26 12:57:44.151+0000 INFO  name: system
2025-06-26 12:57:44.152+0000 INFO  creationDate: 2025-06-25T14:36:57.353Z
2025-06-26 12:57:44.153+0000 INFO  Started.
2025-06-26 12:58:03.612+0000 INFO  Neo4j Server shutdown initiated by request
2025-06-26 12:58:03.613+0000 INFO  Stopping...
2025-06-26 13:00:22.532+0000 INFO  Logging config in use: Embedded default config 'default-user-logs.xml'
2025-06-26 13:00:22.539+0000 INFO  Starting...
2025-06-26 13:00:23.466+0000 INFO  This instance is ServerId{b11606b1} (b11606b1-a1db-43a4-ae4a-a1c5028c7c8b)
2025-06-26 13:00:25.026+0000 INFO  ======== Neo4j 2025.05.1 ========
2025-06-26 13:00:27.908+0000 INFO  Anonymous Usage Data is being sent to Neo4j, see https://neo4j.com/docs/usage-data/
2025-06-26 13:00:28.244+0000 INFO  Bolt enabled on 0.0.0.0:7687.
2025-06-26 13:00:29.157+0000 INFO  HTTP enabled on 0.0.0.0:7474.
2025-06-26 13:00:29.159+0000 INFO  Remote interface available at http://localhost:7474/
2025-06-26 13:00:29.165+0000 INFO  id: C96098D9C5E72DC62587446787A7014AFA72FB0181F2FEAD59C660763B0B7E41
2025-06-26 13:00:29.166+0000 INFO  name: system
2025-06-26 13:00:29.167+0000 INFO  creationDate: 2025-06-25T14:36:57.353Z
2025-06-26 13:00:29.169+0000 INFO  Started.
2025-06-26 13:02:41.761+0000 INFO  Neo4j Server shutdown initiated by request
2025-06-26 13:02:41.763+0000 INFO  Stopping...
2025-06-26 13:04:20.514+0000 INFO  Logging config in use: Embedded default config 'default-user-logs.xml'
2025-06-26 13:04:20.521+0000 INFO  Starting...
2025-06-26 13:04:21.376+0000 INFO  This instance is ServerId{b11606b1} (b11606b1-a1db-43a4-ae4a-a1c5028c7c8b)
2025-06-26 13:04:22.580+0000 INFO  ======== Neo4j 2025.05.1 ========
2025-06-26 13:04:24.957+0000 INFO  Anonymous Usage Data is being sent to Neo4j, see https://neo4j.com/docs/usage-data/
2025-06-26 13:04:25.261+0000 INFO  Bolt enabled on 0.0.0.0:7687.
2025-06-26 13:04:26.182+0000 INFO  HTTP enabled on 0.0.0.0:7474.
2025-06-26 13:04:26.183+0000 INFO  Remote interface available at http://localhost:7474/
2025-06-26 13:04:26.188+0000 INFO  id: C96098D9C5E72DC62587446787A7014AFA72FB0181F2FEAD59C660763B0B7E41
2025-06-26 13:04:26.189+0000 INFO  name: system
2025-06-26 13:04:26.189+0000 INFO  creationDate: 2025-06-25T14:36:57.353Z
2025-06-26 13:04:26.190+0000 INFO  Started.
2025-06-26 13:05:26.075+0000 INFO  Neo4j Server shutdown initiated by request
2025-06-26 13:05:26.076+0000 INFO  Stopping...
2025-06-26 13:13:20.689+0000 INFO  Logging config in use: Embedded default config 'default-user-logs.xml'
2025-06-26 13:13:20.704+0000 INFO  Starting...
2025-06-26 13:13:21.741+0000 INFO  This instance is ServerId{b11606b1} (b11606b1-a1db-43a4-ae4a-a1c5028c7c8b)
2025-06-26 13:13:23.295+0000 INFO  ======== Neo4j 2025.05.1 ========
2025-06-26 13:13:25.755+0000 INFO  Anonymous Usage Data is being sent to Neo4j, see https://neo4j.com/docs/usage-data/
2025-06-26 13:13:26.103+0000 INFO  Bolt enabled on 0.0.0.0:7687.
2025-06-26 13:13:26.965+0000 INFO  HTTP enabled on 0.0.0.0:7474.
2025-06-26 13:13:26.966+0000 INFO  Remote interface available at http://localhost:7474/
2025-06-26 13:13:26.970+0000 INFO  id: C96098D9C5E72DC62587446787A7014AFA72FB0181F2FEAD59C660763B0B7E41
2025-06-26 13:13:26.971+0000 INFO  name: system
2025-06-26 13:13:26.971+0000 INFO  creationDate: 2025-06-25T14:36:57.353Z
2025-06-26 13:13:26.973+0000 INFO  Started.
2025-06-26 13:22:31.986+0000 INFO  Neo4j Server shutdown initiated by request
2025-06-26 13:22:31.987+0000 INFO  Stopping...
2025-06-26 13:24:02.517+0000 INFO  Logging config in use: Embedded default config 'default-user-logs.xml'
2025-06-26 13:24:02.525+0000 INFO  Starting...
2025-06-26 13:24:03.346+0000 INFO  This instance is ServerId{b11606b1} (b11606b1-a1db-43a4-ae4a-a1c5028c7c8b)
2025-06-26 13:24:04.510+0000 INFO  ======== Neo4j 2025.05.1 ========
2025-06-26 13:24:06.913+0000 INFO  Anonymous Usage Data is being sent to Neo4j, see https://neo4j.com/docs/usage-data/
2025-06-26 13:24:07.241+0000 INFO  Bolt enabled on 0.0.0.0:7687.
2025-06-26 13:24:08.134+0000 INFO  HTTP enabled on 0.0.0.0:7474.
2025-06-26 13:24:08.134+0000 INFO  Remote interface available at http://localhost:7474/
2025-06-26 13:24:08.140+0000 INFO  id: C96098D9C5E72DC62587446787A7014AFA72FB0181F2FEAD59C660763B0B7E41
2025-06-26 13:24:08.141+0000 INFO  name: system
2025-06-26 13:24:08.142+0000 INFO  creationDate: 2025-06-25T14:36:57.353Z
2025-06-26 13:24:08.142+0000 INFO  Started.
2025-06-26 13:26:42.739+0000 INFO  Neo4j Server shutdown initiated by request
2025-06-26 13:26:42.740+0000 INFO  Stopping...
2025-06-26 13:27:53.924+0000 INFO  Logging config in use: Embedded default config 'default-user-logs.xml'
2025-06-26 13:27:53.932+0000 INFO  Starting...
2025-06-26 13:27:54.766+0000 INFO  This instance is ServerId{b11606b1} (b11606b1-a1db-43a4-ae4a-a1c5028c7c8b)
2025-06-26 13:27:55.945+0000 INFO  ======== Neo4j 2025.05.1 ========
2025-06-26 13:27:58.349+0000 INFO  Anonymous Usage Data is being sent to Neo4j, see https://neo4j.com/docs/usage-data/
2025-06-26 13:27:58.661+0000 INFO  Bolt enabled on 0.0.0.0:7687.
2025-06-26 13:27:59.626+0000 INFO  HTTP enabled on 0.0.0.0:7474.
2025-06-26 13:27:59.627+0000 INFO  Remote interface available at http://localhost:7474/
2025-06-26 13:27:59.633+0000 INFO  id: C96098D9C5E72DC62587446787A7014AFA72FB0181F2FEAD59C660763B0B7E41
2025-06-26 13:27:59.634+0000 INFO  name: system
2025-06-26 13:27:59.635+0000 INFO  creationDate: 2025-06-25T14:36:57.353Z
2025-06-26 13:27:59.635+0000 INFO  Started.
2025-06-26 13:51:49.937+0000 INFO  Neo4j Server shutdown initiated by request
2025-06-26 13:51:49.939+0000 INFO  Stopping...
2025-06-26 13:53:07.355+0000 INFO  Logging config in use: Embedded default config 'default-user-logs.xml'
2025-06-26 13:53:07.363+0000 INFO  Starting...
2025-06-26 13:53:08.368+0000 INFO  This instance is ServerId{b11606b1} (b11606b1-a1db-43a4-ae4a-a1c5028c7c8b)
2025-06-26 13:53:10.068+0000 INFO  ======== Neo4j 2025.05.1 ========
2025-06-26 13:53:12.674+0000 INFO  Anonymous Usage Data is being sent to Neo4j, see https://neo4j.com/docs/usage-data/
2025-06-26 13:53:12.991+0000 INFO  Bolt enabled on 0.0.0.0:7687.
2025-06-26 13:53:13.966+0000 INFO  HTTP enabled on 0.0.0.0:7474.
2025-06-26 13:53:13.967+0000 INFO  Remote interface available at http://localhost:7474/
2025-06-26 13:53:13.972+0000 INFO  id: C96098D9C5E72DC62587446787A7014AFA72FB0181F2FEAD59C660763B0B7E41
2025-06-26 13:53:13.973+0000 INFO  name: system
2025-06-26 13:53:13.974+0000 INFO  creationDate: 2025-06-25T14:36:57.353Z
2025-06-26 13:53:13.974+0000 INFO  Started.
2025-06-26 13:54:01.019+0000 INFO  Neo4j Server shutdown initiated by request
2025-06-26 13:54:01.019+0000 INFO  Stopping...
2025-06-26 13:55:28.171+0000 INFO  Logging config in use: Embedded default config 'default-user-logs.xml'
2025-06-26 13:55:28.178+0000 INFO  Starting...
2025-06-26 13:55:29.003+0000 INFO  This instance is ServerId{b11606b1} (b11606b1-a1db-43a4-ae4a-a1c5028c7c8b)
2025-06-26 13:55:30.198+0000 INFO  ======== Neo4j 2025.05.1 ========
2025-06-26 13:55:32.647+0000 INFO  Anonymous Usage Data is being sent to Neo4j, see https://neo4j.com/docs/usage-data/
2025-06-26 13:55:32.958+0000 INFO  Bolt enabled on 0.0.0.0:7687.
2025-06-26 13:55:33.833+0000 INFO  HTTP enabled on 0.0.0.0:7474.
2025-06-26 13:55:33.834+0000 INFO  Remote interface available at http://localhost:7474/
2025-06-26 13:55:33.839+0000 INFO  id: C96098D9C5E72DC62587446787A7014AFA72FB0181F2FEAD59C660763B0B7E41
2025-06-26 13:55:33.840+0000 INFO  name: system
2025-06-26 13:55:33.841+0000 INFO  creationDate: 2025-06-25T14:36:57.353Z
2025-06-26 13:55:33.841+0000 INFO  Started.
2025-06-26 17:22:24.927+0000 INFO  Neo4j Server shutdown initiated by request
2025-06-26 17:22:24.929+0000 INFO  Stopping...
2025-06-26 17:24:00.468+0000 INFO  Logging config in use: Embedded default config 'default-user-logs.xml'
2025-06-26 17:24:00.478+0000 INFO  Starting...
2025-06-26 17:24:01.407+0000 INFO  This instance is ServerId{b11606b1} (b11606b1-a1db-43a4-ae4a-a1c5028c7c8b)
2025-06-26 17:24:03.012+0000 INFO  ======== Neo4j 2025.05.1 ========
2025-06-26 17:24:05.657+0000 INFO  Anonymous Usage Data is being sent to Neo4j, see https://neo4j.com/docs/usage-data/
2025-06-26 17:24:06.022+0000 INFO  Bolt enabled on 0.0.0.0:7687.
2025-06-26 17:24:06.917+0000 INFO  HTTP enabled on 0.0.0.0:7474.
2025-06-26 17:24:06.918+0000 INFO  Remote interface available at http://localhost:7474/
2025-06-26 17:24:06.924+0000 INFO  id: C96098D9C5E72DC62587446787A7014AFA72FB0181F2FEAD59C660763B0B7E41
2025-06-26 17:24:06.925+0000 INFO  name: system
2025-06-26 17:24:06.925+0000 INFO  creationDate: 2025-06-25T14:36:57.353Z
2025-06-26 17:24:06.926+0000 INFO  Started.
2025-06-26 18:29:16.097+0000 INFO  Neo4j Server shutdown initiated by request
2025-06-26 18:29:16.099+0000 INFO  Stopping...
